#-----------------------------------------------------------
# Vivado v2018.3 (64-bit)
# SW Build 2405991 on Thu Dec  6 23:38:27 MST 2018
# IP Build 2404404 on Fri Dec  7 01:43:56 MST 2018
# Start of session at: Wed Jul 20 16:45:05 2022
# Process ID: 48724
# Current directory: C:/CPU/CPU_final/pipe/cpu_design
# Command line: vivado.exe -gui_launcher_event rodinguilauncherevent46608 C:\CPU\CPU_final\pipe\cpu_design\cpu_design.xpr
# Log file: C:/CPU/CPU_final/pipe/cpu_design/vivado.log
# Journal file: C:/CPU/CPU_final/pipe/cpu_design\vivado.jou
#-----------------------------------------------------------
start_gui
open_project C:/CPU/CPU_final/pipe/cpu_design/cpu_design.xpr
INFO: [Project 1-313] Project file moved from 'C:/CPU/CPU_final/Á÷Ë®Ïß/cpu_design' since last save.
Scanning sources...
Finished scanning sources
INFO: [IP_Flow 19-234] Refreshing IP repositories
INFO: [IP_Flow 19-1704] No user IP repositories specified
INFO: [IP_Flow 19-2313] Loaded Vivado IP repository 'D:/Xilinx_2018.3/Vivado/2018.3/data/ip'.
update_compile_order -fileset sources_1
reset_run synth_1
launch_runs synth_1 -jobs 8
[Wed Jul 20 16:45:47 2022] Launched synth_1...
Run output will be captured here: C:/CPU/CPU_final/pipe/cpu_design/cpu_design.runs/synth_1/runme.log
launch_runs impl_1 -jobs 8
[Wed Jul 20 16:46:43 2022] Launched impl_1...
Run output will be captured here: C:/CPU/CPU_final/pipe/cpu_design/cpu_design.runs/impl_1/runme.log
launch_runs impl_1 -to_step write_bitstream -jobs 8
[Wed Jul 20 21:38:55 2022] Launched impl_1...
Run output will be captured here: C:/CPU/CPU_final/pipe/cpu_design/cpu_design.runs/impl_1/runme.log
exit
INFO: [Common 17-206] Exiting Vivado at Thu Jul 21 00:14:20 2022...
