
*** Running vivado
    with args -log top.vds -m64 -product Vivado -mode batch -messageDb vivado.pb -notrace -source top.tcl


****** Vivado v2018.3 (64-bit)
  **** SW Build 2405991 on Thu Dec  6 23:38:27 MST 2018
  **** IP Build 2404404 on Fri Dec  7 01:43:56 MST 2018
    ** Copyright 1986-2018 Xilinx, Inc. All Rights Reserved.

source top.tcl -notrace
Command: synth_design -top top -part xc7a100tfgg484-1
Starting synth_design
Attempting to get a license for feature 'Synthesis' and/or device 'xc7a100t'
INFO: [Common 17-349] Got license for feature 'Synthesis' and/or device 'xc7a100t'
INFO: Launching helper process for spawning children vivado processes
INFO: Helper process launched with PID 51852 
---------------------------------------------------------------------------------
Starting RTL Elaboration : Time (s): cpu = 00:00:02 ; elapsed = 00:00:02 . Memory (MB): peak = 393.352 ; gain = 103.062
---------------------------------------------------------------------------------
INFO: [Synth 8-6157] synthesizing module 'top' [C:/CPU/CPU_final/pipe/cpu_design/new/top.v:23]
INFO: [Synth 8-6157] synthesizing module 'cpuclk' [C:/CPU/CPU_final/pipe/cpu_design/cpu_design.runs/synth_1/.Xil/Vivado-11040-LAPTOP-MU98BJHP/realtime/cpuclk_stub.v:5]
INFO: [Synth 8-6155] done synthesizing module 'cpuclk' (1#1) [C:/CPU/CPU_final/pipe/cpu_design/cpu_design.runs/synth_1/.Xil/Vivado-11040-LAPTOP-MU98BJHP/realtime/cpuclk_stub.v:5]
INFO: [Synth 8-6157] synthesizing module 'cpu_top' [C:/CPU/CPU_final/pipe/cpu_design/new/cpu_top.v:27]
INFO: [Synth 8-5534] Detected attribute (* mark_debug = "true" *) [C:/CPU/CPU_final/pipe/cpu_design/new/cpu_top.v:36]
INFO: [Synth 8-5534] Detected attribute (* mark_debug = "true" *) [C:/CPU/CPU_final/pipe/cpu_design/new/cpu_top.v:37]
INFO: [Synth 8-6157] synthesizing module 'PC' [C:/CPU/CPU_final/pipe/cpu_design/new/PC.v:23]
CRITICAL WARNING: [Synth 8-5413] Mix of synchronous and asynchronous control for register pc_reg in module PC. [C:/CPU/CPU_final/pipe/cpu_design/new/PC.v:38]
CRITICAL WARNING: [Synth 8-5413] Mix of synchronous and asynchronous control for register pc_reg in module PC. [C:/CPU/CPU_final/pipe/cpu_design/new/PC.v:38]
CRITICAL WARNING: [Synth 8-5413] Mix of synchronous and asynchronous control for register flag_reg in module PC. [C:/CPU/CPU_final/pipe/cpu_design/new/PC.v:39]
CRITICAL WARNING: [Synth 8-5413] Mix of synchronous and asynchronous control for register flag_reg in module PC. [C:/CPU/CPU_final/pipe/cpu_design/new/PC.v:39]
INFO: [Synth 8-6155] done synthesizing module 'PC' (2#1) [C:/CPU/CPU_final/pipe/cpu_design/new/PC.v:23]
INFO: [Synth 8-6157] synthesizing module 'prgrom' [C:/CPU/CPU_final/pipe/cpu_design/cpu_design.runs/synth_1/.Xil/Vivado-11040-LAPTOP-MU98BJHP/realtime/prgrom_stub.v:6]
INFO: [Synth 8-6155] done synthesizing module 'prgrom' (3#1) [C:/CPU/CPU_final/pipe/cpu_design/cpu_design.runs/synth_1/.Xil/Vivado-11040-LAPTOP-MU98BJHP/realtime/prgrom_stub.v:6]
INFO: [Synth 8-6157] synthesizing module 'IF_ID' [C:/CPU/CPU_final/pipe/cpu_design/new/IF_ID.v:23]
INFO: [Synth 8-6155] done synthesizing module 'IF_ID' (4#1) [C:/CPU/CPU_final/pipe/cpu_design/new/IF_ID.v:23]
INFO: [Synth 8-6157] synthesizing module 'SEXT' [C:/CPU/CPU_final/pipe/cpu_design/new/SEXT.v:23]
INFO: [Synth 8-6155] done synthesizing module 'SEXT' (5#1) [C:/CPU/CPU_final/pipe/cpu_design/new/SEXT.v:23]
INFO: [Synth 8-6157] synthesizing module 'ID_EX' [C:/CPU/CPU_final/pipe/cpu_design/new/ID_EX.v:23]
WARNING: [Synth 8-3848] Net ex_WR in module/entity ID_EX does not have driver. [C:/CPU/CPU_final/pipe/cpu_design/new/ID_EX.v:49]
INFO: [Synth 8-6155] done synthesizing module 'ID_EX' (6#1) [C:/CPU/CPU_final/pipe/cpu_design/new/ID_EX.v:23]
WARNING: [Synth 8-350] instance 'u_ID_EX' of module 'ID_EX' requires 33 connections, but only 32 given [C:/CPU/CPU_final/pipe/cpu_design/new/cpu_top.v:142]
INFO: [Synth 8-6157] synthesizing module 'Control' [C:/CPU/CPU_final/pipe/cpu_design/new/Control.v:24]
INFO: [Synth 8-155] case statement is not full and has no default [C:/CPU/CPU_final/pipe/cpu_design/new/Control.v:77]
INFO: [Synth 8-6155] done synthesizing module 'Control' (7#1) [C:/CPU/CPU_final/pipe/cpu_design/new/Control.v:24]
INFO: [Synth 8-6157] synthesizing module 'RF' [C:/CPU/CPU_final/pipe/cpu_design/new/RF.v:23]
INFO: [Synth 8-5534] Detected attribute (* mark_debug = "true" *) [C:/CPU/CPU_final/pipe/cpu_design/new/RF.v:33]
WARNING: [Synth 8-6026] Ignoring keep related attribute (keep/mark_debug/dont_touch) applied on memory [C:/CPU/CPU_final/pipe/cpu_design/new/RF.v:33]
INFO: [Synth 8-6155] done synthesizing module 'RF' (8#1) [C:/CPU/CPU_final/pipe/cpu_design/new/RF.v:23]
INFO: [Synth 8-6157] synthesizing module 'ALU' [C:/CPU/CPU_final/pipe/cpu_design/new/ALU.v:26]
INFO: [Synth 8-6155] done synthesizing module 'ALU' (9#1) [C:/CPU/CPU_final/pipe/cpu_design/new/ALU.v:26]
INFO: [Synth 8-6157] synthesizing module 'NPC' [C:/CPU/CPU_final/pipe/cpu_design/new/NPC.v:23]
INFO: [Synth 8-6155] done synthesizing module 'NPC' (10#1) [C:/CPU/CPU_final/pipe/cpu_design/new/NPC.v:23]
INFO: [Synth 8-6157] synthesizing module 'EX_MEM' [C:/CPU/CPU_final/pipe/cpu_design/new/EX_MEM.v:23]
INFO: [Synth 8-6155] done synthesizing module 'EX_MEM' (11#1) [C:/CPU/CPU_final/pipe/cpu_design/new/EX_MEM.v:23]
INFO: [Synth 8-6157] synthesizing module 'MEM_WB' [C:/CPU/CPU_final/pipe/cpu_design/new/MEM_WB.v:23]
INFO: [Synth 8-6155] done synthesizing module 'MEM_WB' (12#1) [C:/CPU/CPU_final/pipe/cpu_design/new/MEM_WB.v:23]
WARNING: [Synth 8-350] instance 'u_MEN_WB' of module 'MEM_WB' requires 12 connections, but only 11 given [C:/CPU/CPU_final/pipe/cpu_design/new/cpu_top.v:252]
INFO: [Synth 8-6157] synthesizing module 'Flush_wait' [C:/CPU/CPU_final/pipe/cpu_design/new/Flush_Wait.v:23]
INFO: [Synth 8-6155] done synthesizing module 'Flush_wait' (13#1) [C:/CPU/CPU_final/pipe/cpu_design/new/Flush_Wait.v:23]
INFO: [Synth 8-6157] synthesizing module 'Forward' [C:/CPU/CPU_final/pipe/cpu_design/new/Forward.v:23]
INFO: [Synth 8-6155] done synthesizing module 'Forward' (14#1) [C:/CPU/CPU_final/pipe/cpu_design/new/Forward.v:23]
INFO: [Synth 8-6157] synthesizing module 'LOAD' [C:/CPU/CPU_final/pipe/cpu_design/new/LOAD.v:23]
INFO: [Synth 8-155] case statement is not full and has no default [C:/CPU/CPU_final/pipe/cpu_design/new/LOAD.v:32]
INFO: [Synth 8-155] case statement is not full and has no default [C:/CPU/CPU_final/pipe/cpu_design/new/LOAD.v:40]
INFO: [Synth 8-155] case statement is not full and has no default [C:/CPU/CPU_final/pipe/cpu_design/new/LOAD.v:48]
INFO: [Synth 8-155] case statement is not full and has no default [C:/CPU/CPU_final/pipe/cpu_design/new/LOAD.v:54]
INFO: [Synth 8-6155] done synthesizing module 'LOAD' (15#1) [C:/CPU/CPU_final/pipe/cpu_design/new/LOAD.v:23]
INFO: [Synth 8-6071] Mark debug on the nets applies keep_hierarchy on instance 'u_PC'. This will prevent further optimization [C:/CPU/CPU_final/pipe/cpu_design/new/cpu_top.v:109]
INFO: [Synth 8-6071] Mark debug on the nets applies keep_hierarchy on instance 'u_IF_ID'. This will prevent further optimization [C:/CPU/CPU_final/pipe/cpu_design/new/cpu_top.v:124]
INFO: [Synth 8-6071] Mark debug on the nets applies keep_hierarchy on instance 'U0_irom'. This will prevent further optimization [C:/CPU/CPU_final/pipe/cpu_design/new/cpu_top.v:119]
INFO: [Synth 8-6155] done synthesizing module 'cpu_top' (16#1) [C:/CPU/CPU_final/pipe/cpu_design/new/cpu_top.v:27]
INFO: [Synth 8-6157] synthesizing module 'Bus' [C:/CPU/CPU_final/pipe/cpu_design/new/Bus.v:23]
INFO: [Synth 8-5534] Detected attribute (* mark_debug = "true" *) [C:/CPU/CPU_final/pipe/cpu_design/new/Bus.v:26]
INFO: [Synth 8-5534] Detected attribute (* mark_debug = "true" *) [C:/CPU/CPU_final/pipe/cpu_design/new/Bus.v:27]
INFO: [Synth 8-5534] Detected attribute (* mark_debug = "true" *) [C:/CPU/CPU_final/pipe/cpu_design/new/Bus.v:28]
INFO: [Synth 8-6155] done synthesizing module 'Bus' (17#1) [C:/CPU/CPU_final/pipe/cpu_design/new/Bus.v:23]
INFO: [Synth 8-6157] synthesizing module 'DRAM' [C:/CPU/CPU_final/pipe/cpu_design/new/DRAM.v:23]
INFO: [Synth 8-6157] synthesizing module 'dram' [C:/CPU/CPU_final/pipe/cpu_design/cpu_design.runs/synth_1/.Xil/Vivado-11040-LAPTOP-MU98BJHP/realtime/dram_stub.v:6]
INFO: [Synth 8-6155] done synthesizing module 'dram' (18#1) [C:/CPU/CPU_final/pipe/cpu_design/cpu_design.runs/synth_1/.Xil/Vivado-11040-LAPTOP-MU98BJHP/realtime/dram_stub.v:6]
INFO: [Synth 8-6155] done synthesizing module 'DRAM' (19#1) [C:/CPU/CPU_final/pipe/cpu_design/new/DRAM.v:23]
INFO: [Synth 8-6157] synthesizing module 'led_digit' [C:/CPU/CPU_final/pipe/cpu_design/new/led_digit.v:23]
INFO: [Synth 8-5534] Detected attribute (* mark_debug = "true" *) [C:/CPU/CPU_final/pipe/cpu_design/new/led_digit.v:33]
INFO: [Synth 8-226] default block is never used [C:/CPU/CPU_final/pipe/cpu_design/new/led_digit.v:75]
INFO: [Synth 8-6155] done synthesizing module 'led_digit' (20#1) [C:/CPU/CPU_final/pipe/cpu_design/new/led_digit.v:23]
INFO: [Synth 8-6157] synthesizing module 'Switch' [C:/CPU/CPU_final/pipe/cpu_design/new/Switch.v:23]
INFO: [Synth 8-6155] done synthesizing module 'Switch' (21#1) [C:/CPU/CPU_final/pipe/cpu_design/new/Switch.v:23]
INFO: [Synth 8-6157] synthesizing module 'Led' [C:/CPU/CPU_final/pipe/cpu_design/new/Led.v:23]
INFO: [Synth 8-6155] done synthesizing module 'Led' (22#1) [C:/CPU/CPU_final/pipe/cpu_design/new/Led.v:23]
WARNING: [Synth 8-3848] Net led_digit_rdata in module/entity top does not have driver. [C:/CPU/CPU_final/pipe/cpu_design/new/top.v:75]
INFO: [Synth 8-6155] done synthesizing module 'top' (23#1) [C:/CPU/CPU_final/pipe/cpu_design/new/top.v:23]
WARNING: [Synth 8-3331] design Led has unconnected port wdata[31]
WARNING: [Synth 8-3331] design Led has unconnected port wdata[30]
WARNING: [Synth 8-3331] design Led has unconnected port wdata[29]
WARNING: [Synth 8-3331] design Led has unconnected port wdata[28]
WARNING: [Synth 8-3331] design Led has unconnected port wdata[27]
WARNING: [Synth 8-3331] design Led has unconnected port wdata[26]
WARNING: [Synth 8-3331] design Led has unconnected port wdata[25]
WARNING: [Synth 8-3331] design Led has unconnected port wdata[24]
WARNING: [Synth 8-3331] design DRAM has unconnected port a[31]
WARNING: [Synth 8-3331] design DRAM has unconnected port a[30]
WARNING: [Synth 8-3331] design DRAM has unconnected port a[29]
WARNING: [Synth 8-3331] design DRAM has unconnected port a[28]
WARNING: [Synth 8-3331] design DRAM has unconnected port a[27]
WARNING: [Synth 8-3331] design DRAM has unconnected port a[26]
WARNING: [Synth 8-3331] design DRAM has unconnected port a[25]
WARNING: [Synth 8-3331] design DRAM has unconnected port a[24]
WARNING: [Synth 8-3331] design DRAM has unconnected port a[23]
WARNING: [Synth 8-3331] design DRAM has unconnected port a[22]
WARNING: [Synth 8-3331] design DRAM has unconnected port a[21]
WARNING: [Synth 8-3331] design DRAM has unconnected port a[20]
WARNING: [Synth 8-3331] design DRAM has unconnected port a[19]
WARNING: [Synth 8-3331] design DRAM has unconnected port a[18]
WARNING: [Synth 8-3331] design DRAM has unconnected port a[17]
WARNING: [Synth 8-3331] design DRAM has unconnected port a[16]
WARNING: [Synth 8-3331] design Bus has unconnected port clk
WARNING: [Synth 8-3331] design Bus has unconnected port rst_n
WARNING: [Synth 8-3331] design MEM_WB has unconnected port clk
WARNING: [Synth 8-3331] design MEM_WB has unconnected port inst_mem[31]
WARNING: [Synth 8-3331] design MEM_WB has unconnected port inst_mem[30]
WARNING: [Synth 8-3331] design MEM_WB has unconnected port inst_mem[29]
WARNING: [Synth 8-3331] design MEM_WB has unconnected port inst_mem[28]
WARNING: [Synth 8-3331] design MEM_WB has unconnected port inst_mem[27]
WARNING: [Synth 8-3331] design MEM_WB has unconnected port inst_mem[26]
WARNING: [Synth 8-3331] design MEM_WB has unconnected port inst_mem[25]
WARNING: [Synth 8-3331] design MEM_WB has unconnected port inst_mem[24]
WARNING: [Synth 8-3331] design MEM_WB has unconnected port inst_mem[23]
WARNING: [Synth 8-3331] design MEM_WB has unconnected port inst_mem[22]
WARNING: [Synth 8-3331] design MEM_WB has unconnected port inst_mem[21]
WARNING: [Synth 8-3331] design MEM_WB has unconnected port inst_mem[20]
WARNING: [Synth 8-3331] design MEM_WB has unconnected port inst_mem[19]
WARNING: [Synth 8-3331] design MEM_WB has unconnected port inst_mem[18]
WARNING: [Synth 8-3331] design MEM_WB has unconnected port inst_mem[17]
WARNING: [Synth 8-3331] design MEM_WB has unconnected port inst_mem[16]
WARNING: [Synth 8-3331] design MEM_WB has unconnected port inst_mem[15]
WARNING: [Synth 8-3331] design MEM_WB has unconnected port inst_mem[14]
WARNING: [Synth 8-3331] design MEM_WB has unconnected port inst_mem[13]
WARNING: [Synth 8-3331] design MEM_WB has unconnected port inst_mem[12]
WARNING: [Synth 8-3331] design MEM_WB has unconnected port inst_mem[6]
WARNING: [Synth 8-3331] design MEM_WB has unconnected port inst_mem[5]
WARNING: [Synth 8-3331] design MEM_WB has unconnected port inst_mem[4]
WARNING: [Synth 8-3331] design MEM_WB has unconnected port inst_mem[3]
WARNING: [Synth 8-3331] design MEM_WB has unconnected port inst_mem[2]
WARNING: [Synth 8-3331] design MEM_WB has unconnected port inst_mem[1]
WARNING: [Synth 8-3331] design MEM_WB has unconnected port inst_mem[0]
WARNING: [Synth 8-3331] design Control has unconnected port funct7[6]
WARNING: [Synth 8-3331] design Control has unconnected port funct7[5]
WARNING: [Synth 8-3331] design Control has unconnected port funct7[4]
WARNING: [Synth 8-3331] design Control has unconnected port funct7[3]
WARNING: [Synth 8-3331] design Control has unconnected port funct7[2]
WARNING: [Synth 8-3331] design Control has unconnected port funct7[1]
WARNING: [Synth 8-3331] design Control has unconnected port funct7[0]
WARNING: [Synth 8-3331] design ID_EX has unconnected port ex_WR[4]
WARNING: [Synth 8-3331] design ID_EX has unconnected port ex_WR[3]
WARNING: [Synth 8-3331] design ID_EX has unconnected port ex_WR[2]
WARNING: [Synth 8-3331] design ID_EX has unconnected port ex_WR[1]
WARNING: [Synth 8-3331] design ID_EX has unconnected port ex_WR[0]
---------------------------------------------------------------------------------
Finished RTL Elaboration : Time (s): cpu = 00:00:02 ; elapsed = 00:00:03 . Memory (MB): peak = 448.582 ; gain = 158.293
---------------------------------------------------------------------------------

Report Check Netlist: 
+------+------------------+-------+---------+-------+------------------+
|      |Item              |Errors |Warnings |Status |Description       |
+------+------------------+-------+---------+-------+------------------+
|1     |multi_driven_nets |      0|        0|Passed |Multi driven nets |
+------+------------------+-------+---------+-------+------------------+
WARNING: [Synth 8-3295] tying undriven pin u_MEN_WB:mem_auipc[31] to constant 0 [C:/CPU/CPU_final/pipe/cpu_design/new/cpu_top.v:252]
WARNING: [Synth 8-3295] tying undriven pin u_MEN_WB:mem_auipc[30] to constant 0 [C:/CPU/CPU_final/pipe/cpu_design/new/cpu_top.v:252]
WARNING: [Synth 8-3295] tying undriven pin u_MEN_WB:mem_auipc[29] to constant 0 [C:/CPU/CPU_final/pipe/cpu_design/new/cpu_top.v:252]
WARNING: [Synth 8-3295] tying undriven pin u_MEN_WB:mem_auipc[28] to constant 0 [C:/CPU/CPU_final/pipe/cpu_design/new/cpu_top.v:252]
WARNING: [Synth 8-3295] tying undriven pin u_MEN_WB:mem_auipc[27] to constant 0 [C:/CPU/CPU_final/pipe/cpu_design/new/cpu_top.v:252]
WARNING: [Synth 8-3295] tying undriven pin u_MEN_WB:mem_auipc[26] to constant 0 [C:/CPU/CPU_final/pipe/cpu_design/new/cpu_top.v:252]
WARNING: [Synth 8-3295] tying undriven pin u_MEN_WB:mem_auipc[25] to constant 0 [C:/CPU/CPU_final/pipe/cpu_design/new/cpu_top.v:252]
WARNING: [Synth 8-3295] tying undriven pin u_MEN_WB:mem_auipc[24] to constant 0 [C:/CPU/CPU_final/pipe/cpu_design/new/cpu_top.v:252]
WARNING: [Synth 8-3295] tying undriven pin u_MEN_WB:mem_auipc[23] to constant 0 [C:/CPU/CPU_final/pipe/cpu_design/new/cpu_top.v:252]
WARNING: [Synth 8-3295] tying undriven pin u_MEN_WB:mem_auipc[22] to constant 0 [C:/CPU/CPU_final/pipe/cpu_design/new/cpu_top.v:252]
WARNING: [Synth 8-3295] tying undriven pin u_MEN_WB:mem_auipc[21] to constant 0 [C:/CPU/CPU_final/pipe/cpu_design/new/cpu_top.v:252]
WARNING: [Synth 8-3295] tying undriven pin u_MEN_WB:mem_auipc[20] to constant 0 [C:/CPU/CPU_final/pipe/cpu_design/new/cpu_top.v:252]
WARNING: [Synth 8-3295] tying undriven pin u_MEN_WB:mem_auipc[19] to constant 0 [C:/CPU/CPU_final/pipe/cpu_design/new/cpu_top.v:252]
WARNING: [Synth 8-3295] tying undriven pin u_MEN_WB:mem_auipc[18] to constant 0 [C:/CPU/CPU_final/pipe/cpu_design/new/cpu_top.v:252]
WARNING: [Synth 8-3295] tying undriven pin u_MEN_WB:mem_auipc[17] to constant 0 [C:/CPU/CPU_final/pipe/cpu_design/new/cpu_top.v:252]
WARNING: [Synth 8-3295] tying undriven pin u_MEN_WB:mem_auipc[16] to constant 0 [C:/CPU/CPU_final/pipe/cpu_design/new/cpu_top.v:252]
WARNING: [Synth 8-3295] tying undriven pin u_MEN_WB:mem_auipc[15] to constant 0 [C:/CPU/CPU_final/pipe/cpu_design/new/cpu_top.v:252]
WARNING: [Synth 8-3295] tying undriven pin u_MEN_WB:mem_auipc[14] to constant 0 [C:/CPU/CPU_final/pipe/cpu_design/new/cpu_top.v:252]
WARNING: [Synth 8-3295] tying undriven pin u_MEN_WB:mem_auipc[13] to constant 0 [C:/CPU/CPU_final/pipe/cpu_design/new/cpu_top.v:252]
WARNING: [Synth 8-3295] tying undriven pin u_MEN_WB:mem_auipc[12] to constant 0 [C:/CPU/CPU_final/pipe/cpu_design/new/cpu_top.v:252]
WARNING: [Synth 8-3295] tying undriven pin u_MEN_WB:mem_auipc[11] to constant 0 [C:/CPU/CPU_final/pipe/cpu_design/new/cpu_top.v:252]
WARNING: [Synth 8-3295] tying undriven pin u_MEN_WB:mem_auipc[10] to constant 0 [C:/CPU/CPU_final/pipe/cpu_design/new/cpu_top.v:252]
WARNING: [Synth 8-3295] tying undriven pin u_MEN_WB:mem_auipc[9] to constant 0 [C:/CPU/CPU_final/pipe/cpu_design/new/cpu_top.v:252]
WARNING: [Synth 8-3295] tying undriven pin u_MEN_WB:mem_auipc[8] to constant 0 [C:/CPU/CPU_final/pipe/cpu_design/new/cpu_top.v:252]
WARNING: [Synth 8-3295] tying undriven pin u_MEN_WB:mem_auipc[7] to constant 0 [C:/CPU/CPU_final/pipe/cpu_design/new/cpu_top.v:252]
WARNING: [Synth 8-3295] tying undriven pin u_MEN_WB:mem_auipc[6] to constant 0 [C:/CPU/CPU_final/pipe/cpu_design/new/cpu_top.v:252]
WARNING: [Synth 8-3295] tying undriven pin u_MEN_WB:mem_auipc[5] to constant 0 [C:/CPU/CPU_final/pipe/cpu_design/new/cpu_top.v:252]
WARNING: [Synth 8-3295] tying undriven pin u_MEN_WB:mem_auipc[4] to constant 0 [C:/CPU/CPU_final/pipe/cpu_design/new/cpu_top.v:252]
WARNING: [Synth 8-3295] tying undriven pin u_MEN_WB:mem_auipc[3] to constant 0 [C:/CPU/CPU_final/pipe/cpu_design/new/cpu_top.v:252]
WARNING: [Synth 8-3295] tying undriven pin u_MEN_WB:mem_auipc[2] to constant 0 [C:/CPU/CPU_final/pipe/cpu_design/new/cpu_top.v:252]
WARNING: [Synth 8-3295] tying undriven pin u_MEN_WB:mem_auipc[1] to constant 0 [C:/CPU/CPU_final/pipe/cpu_design/new/cpu_top.v:252]
WARNING: [Synth 8-3295] tying undriven pin u_MEN_WB:mem_auipc[0] to constant 0 [C:/CPU/CPU_final/pipe/cpu_design/new/cpu_top.v:252]
WARNING: [Synth 8-3295] tying undriven pin u_Bus:led_rdata[31] to constant 0 [C:/CPU/CPU_final/pipe/cpu_design/new/top.v:78]
WARNING: [Synth 8-3295] tying undriven pin u_Bus:led_rdata[30] to constant 0 [C:/CPU/CPU_final/pipe/cpu_design/new/top.v:78]
WARNING: [Synth 8-3295] tying undriven pin u_Bus:led_rdata[29] to constant 0 [C:/CPU/CPU_final/pipe/cpu_design/new/top.v:78]
WARNING: [Synth 8-3295] tying undriven pin u_Bus:led_rdata[28] to constant 0 [C:/CPU/CPU_final/pipe/cpu_design/new/top.v:78]
WARNING: [Synth 8-3295] tying undriven pin u_Bus:led_rdata[27] to constant 0 [C:/CPU/CPU_final/pipe/cpu_design/new/top.v:78]
WARNING: [Synth 8-3295] tying undriven pin u_Bus:led_rdata[26] to constant 0 [C:/CPU/CPU_final/pipe/cpu_design/new/top.v:78]
WARNING: [Synth 8-3295] tying undriven pin u_Bus:led_rdata[25] to constant 0 [C:/CPU/CPU_final/pipe/cpu_design/new/top.v:78]
WARNING: [Synth 8-3295] tying undriven pin u_Bus:led_rdata[24] to constant 0 [C:/CPU/CPU_final/pipe/cpu_design/new/top.v:78]
WARNING: [Synth 8-3295] tying undriven pin u_Bus:led_rdata[23] to constant 0 [C:/CPU/CPU_final/pipe/cpu_design/new/top.v:78]
WARNING: [Synth 8-3295] tying undriven pin u_Bus:led_rdata[22] to constant 0 [C:/CPU/CPU_final/pipe/cpu_design/new/top.v:78]
WARNING: [Synth 8-3295] tying undriven pin u_Bus:led_rdata[21] to constant 0 [C:/CPU/CPU_final/pipe/cpu_design/new/top.v:78]
WARNING: [Synth 8-3295] tying undriven pin u_Bus:led_rdata[20] to constant 0 [C:/CPU/CPU_final/pipe/cpu_design/new/top.v:78]
WARNING: [Synth 8-3295] tying undriven pin u_Bus:led_rdata[19] to constant 0 [C:/CPU/CPU_final/pipe/cpu_design/new/top.v:78]
WARNING: [Synth 8-3295] tying undriven pin u_Bus:led_rdata[18] to constant 0 [C:/CPU/CPU_final/pipe/cpu_design/new/top.v:78]
WARNING: [Synth 8-3295] tying undriven pin u_Bus:led_rdata[17] to constant 0 [C:/CPU/CPU_final/pipe/cpu_design/new/top.v:78]
WARNING: [Synth 8-3295] tying undriven pin u_Bus:led_rdata[16] to constant 0 [C:/CPU/CPU_final/pipe/cpu_design/new/top.v:78]
WARNING: [Synth 8-3295] tying undriven pin u_Bus:led_rdata[15] to constant 0 [C:/CPU/CPU_final/pipe/cpu_design/new/top.v:78]
WARNING: [Synth 8-3295] tying undriven pin u_Bus:led_rdata[14] to constant 0 [C:/CPU/CPU_final/pipe/cpu_design/new/top.v:78]
WARNING: [Synth 8-3295] tying undriven pin u_Bus:led_rdata[13] to constant 0 [C:/CPU/CPU_final/pipe/cpu_design/new/top.v:78]
WARNING: [Synth 8-3295] tying undriven pin u_Bus:led_rdata[12] to constant 0 [C:/CPU/CPU_final/pipe/cpu_design/new/top.v:78]
WARNING: [Synth 8-3295] tying undriven pin u_Bus:led_rdata[11] to constant 0 [C:/CPU/CPU_final/pipe/cpu_design/new/top.v:78]
WARNING: [Synth 8-3295] tying undriven pin u_Bus:led_rdata[10] to constant 0 [C:/CPU/CPU_final/pipe/cpu_design/new/top.v:78]
WARNING: [Synth 8-3295] tying undriven pin u_Bus:led_rdata[9] to constant 0 [C:/CPU/CPU_final/pipe/cpu_design/new/top.v:78]
WARNING: [Synth 8-3295] tying undriven pin u_Bus:led_rdata[8] to constant 0 [C:/CPU/CPU_final/pipe/cpu_design/new/top.v:78]
WARNING: [Synth 8-3295] tying undriven pin u_Bus:led_rdata[7] to constant 0 [C:/CPU/CPU_final/pipe/cpu_design/new/top.v:78]
WARNING: [Synth 8-3295] tying undriven pin u_Bus:led_rdata[6] to constant 0 [C:/CPU/CPU_final/pipe/cpu_design/new/top.v:78]
WARNING: [Synth 8-3295] tying undriven pin u_Bus:led_rdata[5] to constant 0 [C:/CPU/CPU_final/pipe/cpu_design/new/top.v:78]
WARNING: [Synth 8-3295] tying undriven pin u_Bus:led_rdata[4] to constant 0 [C:/CPU/CPU_final/pipe/cpu_design/new/top.v:78]
WARNING: [Synth 8-3295] tying undriven pin u_Bus:led_rdata[3] to constant 0 [C:/CPU/CPU_final/pipe/cpu_design/new/top.v:78]
WARNING: [Synth 8-3295] tying undriven pin u_Bus:led_rdata[2] to constant 0 [C:/CPU/CPU_final/pipe/cpu_design/new/top.v:78]
WARNING: [Synth 8-3295] tying undriven pin u_Bus:led_rdata[1] to constant 0 [C:/CPU/CPU_final/pipe/cpu_design/new/top.v:78]
WARNING: [Synth 8-3295] tying undriven pin u_Bus:led_rdata[0] to constant 0 [C:/CPU/CPU_final/pipe/cpu_design/new/top.v:78]
WARNING: [Synth 8-3295] tying undriven pin u_Bus:led_digit_rdata[31] to constant 0 [C:/CPU/CPU_final/pipe/cpu_design/new/top.v:78]
WARNING: [Synth 8-3295] tying undriven pin u_Bus:led_digit_rdata[30] to constant 0 [C:/CPU/CPU_final/pipe/cpu_design/new/top.v:78]
WARNING: [Synth 8-3295] tying undriven pin u_Bus:led_digit_rdata[29] to constant 0 [C:/CPU/CPU_final/pipe/cpu_design/new/top.v:78]
WARNING: [Synth 8-3295] tying undriven pin u_Bus:led_digit_rdata[28] to constant 0 [C:/CPU/CPU_final/pipe/cpu_design/new/top.v:78]
WARNING: [Synth 8-3295] tying undriven pin u_Bus:led_digit_rdata[27] to constant 0 [C:/CPU/CPU_final/pipe/cpu_design/new/top.v:78]
WARNING: [Synth 8-3295] tying undriven pin u_Bus:led_digit_rdata[26] to constant 0 [C:/CPU/CPU_final/pipe/cpu_design/new/top.v:78]
WARNING: [Synth 8-3295] tying undriven pin u_Bus:led_digit_rdata[25] to constant 0 [C:/CPU/CPU_final/pipe/cpu_design/new/top.v:78]
WARNING: [Synth 8-3295] tying undriven pin u_Bus:led_digit_rdata[24] to constant 0 [C:/CPU/CPU_final/pipe/cpu_design/new/top.v:78]
WARNING: [Synth 8-3295] tying undriven pin u_Bus:led_digit_rdata[23] to constant 0 [C:/CPU/CPU_final/pipe/cpu_design/new/top.v:78]
WARNING: [Synth 8-3295] tying undriven pin u_Bus:led_digit_rdata[22] to constant 0 [C:/CPU/CPU_final/pipe/cpu_design/new/top.v:78]
WARNING: [Synth 8-3295] tying undriven pin u_Bus:led_digit_rdata[21] to constant 0 [C:/CPU/CPU_final/pipe/cpu_design/new/top.v:78]
WARNING: [Synth 8-3295] tying undriven pin u_Bus:led_digit_rdata[20] to constant 0 [C:/CPU/CPU_final/pipe/cpu_design/new/top.v:78]
WARNING: [Synth 8-3295] tying undriven pin u_Bus:led_digit_rdata[19] to constant 0 [C:/CPU/CPU_final/pipe/cpu_design/new/top.v:78]
WARNING: [Synth 8-3295] tying undriven pin u_Bus:led_digit_rdata[18] to constant 0 [C:/CPU/CPU_final/pipe/cpu_design/new/top.v:78]
WARNING: [Synth 8-3295] tying undriven pin u_Bus:led_digit_rdata[17] to constant 0 [C:/CPU/CPU_final/pipe/cpu_design/new/top.v:78]
WARNING: [Synth 8-3295] tying undriven pin u_Bus:led_digit_rdata[16] to constant 0 [C:/CPU/CPU_final/pipe/cpu_design/new/top.v:78]
WARNING: [Synth 8-3295] tying undriven pin u_Bus:led_digit_rdata[15] to constant 0 [C:/CPU/CPU_final/pipe/cpu_design/new/top.v:78]
WARNING: [Synth 8-3295] tying undriven pin u_Bus:led_digit_rdata[14] to constant 0 [C:/CPU/CPU_final/pipe/cpu_design/new/top.v:78]
WARNING: [Synth 8-3295] tying undriven pin u_Bus:led_digit_rdata[13] to constant 0 [C:/CPU/CPU_final/pipe/cpu_design/new/top.v:78]
WARNING: [Synth 8-3295] tying undriven pin u_Bus:led_digit_rdata[12] to constant 0 [C:/CPU/CPU_final/pipe/cpu_design/new/top.v:78]
WARNING: [Synth 8-3295] tying undriven pin u_Bus:led_digit_rdata[11] to constant 0 [C:/CPU/CPU_final/pipe/cpu_design/new/top.v:78]
WARNING: [Synth 8-3295] tying undriven pin u_Bus:led_digit_rdata[10] to constant 0 [C:/CPU/CPU_final/pipe/cpu_design/new/top.v:78]
WARNING: [Synth 8-3295] tying undriven pin u_Bus:led_digit_rdata[9] to constant 0 [C:/CPU/CPU_final/pipe/cpu_design/new/top.v:78]
WARNING: [Synth 8-3295] tying undriven pin u_Bus:led_digit_rdata[8] to constant 0 [C:/CPU/CPU_final/pipe/cpu_design/new/top.v:78]
WARNING: [Synth 8-3295] tying undriven pin u_Bus:led_digit_rdata[7] to constant 0 [C:/CPU/CPU_final/pipe/cpu_design/new/top.v:78]
WARNING: [Synth 8-3295] tying undriven pin u_Bus:led_digit_rdata[6] to constant 0 [C:/CPU/CPU_final/pipe/cpu_design/new/top.v:78]
WARNING: [Synth 8-3295] tying undriven pin u_Bus:led_digit_rdata[5] to constant 0 [C:/CPU/CPU_final/pipe/cpu_design/new/top.v:78]
WARNING: [Synth 8-3295] tying undriven pin u_Bus:led_digit_rdata[4] to constant 0 [C:/CPU/CPU_final/pipe/cpu_design/new/top.v:78]
WARNING: [Synth 8-3295] tying undriven pin u_Bus:led_digit_rdata[3] to constant 0 [C:/CPU/CPU_final/pipe/cpu_design/new/top.v:78]
WARNING: [Synth 8-3295] tying undriven pin u_Bus:led_digit_rdata[2] to constant 0 [C:/CPU/CPU_final/pipe/cpu_design/new/top.v:78]
WARNING: [Synth 8-3295] tying undriven pin u_Bus:led_digit_rdata[1] to constant 0 [C:/CPU/CPU_final/pipe/cpu_design/new/top.v:78]
WARNING: [Synth 8-3295] tying undriven pin u_Bus:led_digit_rdata[0] to constant 0 [C:/CPU/CPU_final/pipe/cpu_design/new/top.v:78]
---------------------------------------------------------------------------------
Start Handling Custom Attributes
---------------------------------------------------------------------------------
---------------------------------------------------------------------------------
Finished Handling Custom Attributes : Time (s): cpu = 00:00:02 ; elapsed = 00:00:03 . Memory (MB): peak = 448.582 ; gain = 158.293
---------------------------------------------------------------------------------
---------------------------------------------------------------------------------
Finished RTL Optimization Phase 1 : Time (s): cpu = 00:00:02 ; elapsed = 00:00:03 . Memory (MB): peak = 448.582 ; gain = 158.293
---------------------------------------------------------------------------------
INFO: [Device 21-403] Loading part xc7a100tfgg484-1
INFO: [Project 1-570] Preparing netlist for logic optimization

Processing XDC Constraints
Initializing timing engine
Parsing XDC File [c:/CPU/CPU_final/pipe/cpu_design/cpu_design.srcs/sources_1/ip/dram/dram/dram_in_context.xdc] for cell 'u_DRAM/u_dram'
Finished Parsing XDC File [c:/CPU/CPU_final/pipe/cpu_design/cpu_design.srcs/sources_1/ip/dram/dram/dram_in_context.xdc] for cell 'u_DRAM/u_dram'
Parsing XDC File [c:/CPU/CPU_final/pipe/cpu_design/cpu_design.srcs/sources_1/ip/prgrom/prgrom/prgrom_in_context.xdc] for cell 'u_cpu_top/U0_irom'
Finished Parsing XDC File [c:/CPU/CPU_final/pipe/cpu_design/cpu_design.srcs/sources_1/ip/prgrom/prgrom/prgrom_in_context.xdc] for cell 'u_cpu_top/U0_irom'
Parsing XDC File [c:/CPU/CPU_final/pipe/cpu_design/cpu_design.srcs/sources_1/ip/cpuclk/cpuclk/cpuclk_in_context.xdc] for cell 'u_cpuclk'
Finished Parsing XDC File [c:/CPU/CPU_final/pipe/cpu_design/cpu_design.srcs/sources_1/ip/cpuclk/cpuclk/cpuclk_in_context.xdc] for cell 'u_cpuclk'
Parsing XDC File [C:/CPU/CPU_final/pipe/cpu_design/new/top.xdc]
Finished Parsing XDC File [C:/CPU/CPU_final/pipe/cpu_design/new/top.xdc]
INFO: [Project 1-236] Implementation specific constraints were found while reading constraint file [C:/CPU/CPU_final/pipe/cpu_design/new/top.xdc]. These constraints will be ignored for synthesis but will be used in implementation. Impacted constraints are listed in the file [.Xil/top_propImpl.xdc].
Resolution: To avoid this warning, move constraints listed in [.Xil/top_propImpl.xdc] to another XDC file and exclude this new file from synthesis with the used_in_synthesis property (File Properties dialog in GUI) and re-run elaboration/synthesis.
Netlist sorting complete. Time (s): cpu = 00:00:00 ; elapsed = 00:00:00 . Memory (MB): peak = 811.941 ; gain = 0.000
Completed Processing XDC Constraints

Netlist sorting complete. Time (s): cpu = 00:00:00 ; elapsed = 00:00:00 . Memory (MB): peak = 811.941 ; gain = 0.000
INFO: [Project 1-111] Unisim Transformation Summary:
No Unisim elements were transformed.

Netlist sorting complete. Time (s): cpu = 00:00:00 ; elapsed = 00:00:00 . Memory (MB): peak = 811.941 ; gain = 0.000
Constraint Validation Runtime : Time (s): cpu = 00:00:00 ; elapsed = 00:00:00.009 . Memory (MB): peak = 811.941 ; gain = 0.000
WARNING: [Timing 38-316] Clock period '20.000' specified during out-of-context synthesis of instance 'u_DRAM/u_dram' at clock pin 'clk' is different from the actual clock period '13.333', this can lead to different synthesis results.
---------------------------------------------------------------------------------
Finished Constraint Validation : Time (s): cpu = 00:00:09 ; elapsed = 00:00:10 . Memory (MB): peak = 811.941 ; gain = 521.652
---------------------------------------------------------------------------------
---------------------------------------------------------------------------------
Start Loading Part and Timing Information
---------------------------------------------------------------------------------
Loading part: xc7a100tfgg484-1
---------------------------------------------------------------------------------
Finished Loading Part and Timing Information : Time (s): cpu = 00:00:09 ; elapsed = 00:00:10 . Memory (MB): peak = 811.941 ; gain = 521.652
---------------------------------------------------------------------------------
---------------------------------------------------------------------------------
Start Applying 'set_property' XDC Constraints
---------------------------------------------------------------------------------
Applied set_property IO_BUFFER_TYPE = NONE for clk. (constraint file  c:/CPU/CPU_final/pipe/cpu_design/cpu_design.srcs/sources_1/ip/cpuclk/cpuclk/cpuclk_in_context.xdc, line 3).
Applied set_property CLOCK_BUFFER_TYPE = NONE for clk. (constraint file  c:/CPU/CPU_final/pipe/cpu_design/cpu_design.srcs/sources_1/ip/cpuclk/cpuclk/cpuclk_in_context.xdc, line 4).
Applied set_property DONT_TOUCH = true for u_DRAM/u_dram. (constraint file  auto generated constraint, line ).
Applied set_property DONT_TOUCH = true for u_cpu_top/U0_irom. (constraint file  auto generated constraint, line ).
Applied set_property DONT_TOUCH = true for u_cpuclk. (constraint file  auto generated constraint, line ).
---------------------------------------------------------------------------------
Finished applying 'set_property' XDC Constraints : Time (s): cpu = 00:00:09 ; elapsed = 00:00:10 . Memory (MB): peak = 811.941 ; gain = 521.652
---------------------------------------------------------------------------------
INFO: [Synth 8-5546] ROM "wd_sel1" won't be mapped to RAM because it is too sparse
INFO: [Synth 8-5546] ROM "dram_we" won't be mapped to RAM because it is too sparse
INFO: [Synth 8-5546] ROM "is_load" won't be mapped to RAM because it is too sparse
INFO: [Synth 8-5544] ROM "ram_wb" won't be mapped to Block RAM because address size (3) smaller than threshold (5)
INFO: [Synth 8-5546] ROM "led_cnt" won't be mapped to RAM because it is too sparse
WARNING: [Synth 8-327] inferring latch for variable 'alu_op_reg' [C:/CPU/CPU_final/pipe/cpu_design/new/Control.v:50]
WARNING: [Synth 8-327] inferring latch for variable 'wb_data_reg' [C:/CPU/CPU_final/pipe/cpu_design/new/MEM_WB.v:39]
WARNING: [Synth 8-327] inferring latch for variable 'ram_wb_reg' [C:/CPU/CPU_final/pipe/cpu_design/new/LOAD.v:33]
---------------------------------------------------------------------------------
Finished RTL Optimization Phase 2 : Time (s): cpu = 00:00:09 ; elapsed = 00:00:11 . Memory (MB): peak = 811.941 ; gain = 521.652
---------------------------------------------------------------------------------

Report RTL Partitions: 
+-+--------------+------------+----------+
| |RTL Partition |Replication |Instances |
+-+--------------+------------+----------+
+-+--------------+------------+----------+
---------------------------------------------------------------------------------
Start RTL Component Statistics 
---------------------------------------------------------------------------------
Detailed RTL Component Info : 
+---Adders : 
	   2 Input     32 Bit       Adders := 7     
	   3 Input     32 Bit       Adders := 1     
	   2 Input     18 Bit       Adders := 1     
	   2 Input     16 Bit       Adders := 1     
	   2 Input      3 Bit       Adders := 1     
+---XORs : 
	   2 Input     32 Bit         XORs := 1     
+---Registers : 
	               32 Bit    Registers := 15    
	               24 Bit    Registers := 2     
	               18 Bit    Registers := 1     
	                8 Bit    Registers := 2     
	                4 Bit    Registers := 1     
	                3 Bit    Registers := 1     
	                2 Bit    Registers := 3     
	                1 Bit    Registers := 8     
+---RAMs : 
	              992 Bit         RAMs := 1     
+---Muxes : 
	   2 Input     32 Bit        Muxes := 25    
	   3 Input     32 Bit        Muxes := 2     
	   5 Input     32 Bit        Muxes := 3     
	   4 Input     32 Bit        Muxes := 2     
	   6 Input     32 Bit        Muxes := 1     
	   2 Input     18 Bit        Muxes := 1     
	   2 Input      5 Bit        Muxes := 1     
	   2 Input      4 Bit        Muxes := 1     
	   8 Input      4 Bit        Muxes := 3     
	   2 Input      3 Bit        Muxes := 2     
	   3 Input      2 Bit        Muxes := 2     
	   2 Input      2 Bit        Muxes := 5     
	   4 Input      2 Bit        Muxes := 1     
	   5 Input      2 Bit        Muxes := 2     
	   2 Input      1 Bit        Muxes := 10    
	   7 Input      1 Bit        Muxes := 1     
	   5 Input      1 Bit        Muxes := 2     
	   3 Input      1 Bit        Muxes := 2     
	   4 Input      1 Bit        Muxes := 1     
	   6 Input      1 Bit        Muxes := 1     
---------------------------------------------------------------------------------
Finished RTL Component Statistics 
---------------------------------------------------------------------------------
---------------------------------------------------------------------------------
Start RTL Hierarchical Component Statistics 
---------------------------------------------------------------------------------
Hierarchical RTL Component report 
Module PC 
Detailed RTL Component Info : 
+---Adders : 
	   2 Input     32 Bit       Adders := 1     
+---Registers : 
	               32 Bit    Registers := 1     
	                1 Bit    Registers := 2     
+---Muxes : 
	   2 Input     32 Bit        Muxes := 2     
	   2 Input      1 Bit        Muxes := 2     
Module IF_ID 
Detailed RTL Component Info : 
+---Registers : 
	               32 Bit    Registers := 2     
+---Muxes : 
	   2 Input     32 Bit        Muxes := 2     
Module SEXT 
Detailed RTL Component Info : 
+---Muxes : 
	   2 Input     32 Bit        Muxes := 4     
	   3 Input     32 Bit        Muxes := 1     
	   3 Input      2 Bit        Muxes := 1     
Module ID_EX 
Detailed RTL Component Info : 
+---Registers : 
	               32 Bit    Registers := 6     
	                4 Bit    Registers := 1     
	                2 Bit    Registers := 2     
	                1 Bit    Registers := 3     
+---Muxes : 
	   2 Input     32 Bit        Muxes := 9     
	   2 Input      4 Bit        Muxes := 1     
	   2 Input      2 Bit        Muxes := 3     
Module Control 
Detailed RTL Component Info : 
+---Muxes : 
	   8 Input      4 Bit        Muxes := 2     
	   2 Input      3 Bit        Muxes := 2     
	   2 Input      2 Bit        Muxes := 2     
	   4 Input      2 Bit        Muxes := 1     
	   3 Input      2 Bit        Muxes := 1     
	   2 Input      1 Bit        Muxes := 4     
	   7 Input      1 Bit        Muxes := 1     
	   5 Input      1 Bit        Muxes := 1     
	   3 Input      1 Bit        Muxes := 1     
Module RF 
Detailed RTL Component Info : 
+---RAMs : 
	              992 Bit         RAMs := 1     
+---Muxes : 
	   2 Input     32 Bit        Muxes := 2     
Module ALU 
Detailed RTL Component Info : 
+---Adders : 
	   2 Input     32 Bit       Adders := 1     
	   3 Input     32 Bit       Adders := 1     
+---XORs : 
	   2 Input     32 Bit         XORs := 1     
+---Muxes : 
	   2 Input      1 Bit        Muxes := 1     
Module NPC 
Detailed RTL Component Info : 
+---Adders : 
	   2 Input     32 Bit       Adders := 2     
+---Muxes : 
	   2 Input     32 Bit        Muxes := 1     
	   5 Input     32 Bit        Muxes := 1     
Module EX_MEM 
Detailed RTL Component Info : 
+---Registers : 
	               32 Bit    Registers := 5     
	                2 Bit    Registers := 1     
	                1 Bit    Registers := 3     
Module MEM_WB 
Detailed RTL Component Info : 
+---Adders : 
	   2 Input     32 Bit       Adders := 1     
+---Muxes : 
	   4 Input     32 Bit        Muxes := 1     
	   2 Input      5 Bit        Muxes := 1     
Module Flush_wait 
Detailed RTL Component Info : 
+---Adders : 
	   2 Input     32 Bit       Adders := 1     
Module Forward 
Detailed RTL Component Info : 
+---Muxes : 
	   2 Input     32 Bit        Muxes := 2     
	   2 Input      1 Bit        Muxes := 2     
Module LOAD 
Detailed RTL Component Info : 
+---Muxes : 
	   6 Input     32 Bit        Muxes := 1     
	   3 Input     32 Bit        Muxes := 1     
	   5 Input     32 Bit        Muxes := 2     
	   4 Input     32 Bit        Muxes := 1     
	   5 Input      2 Bit        Muxes := 2     
	   4 Input      1 Bit        Muxes := 1     
	   3 Input      1 Bit        Muxes := 1     
	   5 Input      1 Bit        Muxes := 1     
	   6 Input      1 Bit        Muxes := 1     
Module cpu_top 
Detailed RTL Component Info : 
+---Adders : 
	   2 Input     32 Bit       Adders := 1     
+---Muxes : 
	   2 Input     32 Bit        Muxes := 3     
Module DRAM 
Detailed RTL Component Info : 
+---Adders : 
	   2 Input     16 Bit       Adders := 1     
Module led_digit 
Detailed RTL Component Info : 
+---Adders : 
	   2 Input     18 Bit       Adders := 1     
	   2 Input      3 Bit       Adders := 1     
+---Registers : 
	               32 Bit    Registers := 1     
	               18 Bit    Registers := 1     
	                8 Bit    Registers := 2     
	                3 Bit    Registers := 1     
+---Muxes : 
	   2 Input     18 Bit        Muxes := 1     
	   8 Input      4 Bit        Muxes := 1     
	   2 Input      1 Bit        Muxes := 1     
Module Switch 
Detailed RTL Component Info : 
+---Registers : 
	               24 Bit    Registers := 1     
Module Led 
Detailed RTL Component Info : 
+---Registers : 
	               24 Bit    Registers := 1     
---------------------------------------------------------------------------------
Finished RTL Hierarchical Component Statistics
---------------------------------------------------------------------------------
---------------------------------------------------------------------------------
Start Part Resource Summary
---------------------------------------------------------------------------------
Part Resources:
DSPs: 240 (col length:80)
BRAMs: 270 (col length: RAMB18 80 RAMB36 40)
---------------------------------------------------------------------------------
Finished Part Resource Summary
---------------------------------------------------------------------------------
---------------------------------------------------------------------------------
Start Cross Boundary and Area Optimization
---------------------------------------------------------------------------------
Warning: Parallel synthesis criteria is not met 
INFO: [Synth 8-5546] ROM "dram_we" won't be mapped to RAM because it is too sparse
INFO: [Synth 8-5546] ROM "is_load" won't be mapped to RAM because it is too sparse
WARNING: [Synth 8-6026] Ignoring keep related attribute (keep/mark_debug/dont_touch) applied on memory
INFO: [Synth 8-5546] ROM "u_led_digit/led_cnt" won't be mapped to RAM because it is too sparse
WARNING: [Synth 8-3331] design Bus has unconnected port clk
WARNING: [Synth 8-3331] design Bus has unconnected port rst_n
WARNING: [Synth 8-3331] design LOAD has unconnected port alu_c[31]
WARNING: [Synth 8-3331] design LOAD has unconnected port alu_c[30]
WARNING: [Synth 8-3331] design LOAD has unconnected port alu_c[29]
WARNING: [Synth 8-3331] design LOAD has unconnected port alu_c[28]
WARNING: [Synth 8-3331] design LOAD has unconnected port alu_c[27]
WARNING: [Synth 8-3331] design LOAD has unconnected port alu_c[26]
WARNING: [Synth 8-3331] design LOAD has unconnected port alu_c[25]
WARNING: [Synth 8-3331] design LOAD has unconnected port alu_c[24]
WARNING: [Synth 8-3331] design LOAD has unconnected port alu_c[23]
WARNING: [Synth 8-3331] design LOAD has unconnected port alu_c[22]
WARNING: [Synth 8-3331] design LOAD has unconnected port alu_c[21]
WARNING: [Synth 8-3331] design LOAD has unconnected port alu_c[20]
WARNING: [Synth 8-3331] design LOAD has unconnected port alu_c[19]
WARNING: [Synth 8-3331] design LOAD has unconnected port alu_c[18]
WARNING: [Synth 8-3331] design LOAD has unconnected port alu_c[17]
WARNING: [Synth 8-3331] design LOAD has unconnected port alu_c[16]
WARNING: [Synth 8-3331] design LOAD has unconnected port alu_c[15]
WARNING: [Synth 8-3331] design LOAD has unconnected port alu_c[14]
WARNING: [Synth 8-3331] design LOAD has unconnected port alu_c[13]
WARNING: [Synth 8-3331] design LOAD has unconnected port alu_c[12]
WARNING: [Synth 8-3331] design LOAD has unconnected port alu_c[11]
WARNING: [Synth 8-3331] design LOAD has unconnected port alu_c[10]
WARNING: [Synth 8-3331] design LOAD has unconnected port alu_c[9]
WARNING: [Synth 8-3331] design LOAD has unconnected port alu_c[8]
WARNING: [Synth 8-3331] design LOAD has unconnected port alu_c[7]
WARNING: [Synth 8-3331] design LOAD has unconnected port alu_c[6]
WARNING: [Synth 8-3331] design LOAD has unconnected port alu_c[5]
WARNING: [Synth 8-3331] design LOAD has unconnected port alu_c[4]
WARNING: [Synth 8-3331] design LOAD has unconnected port alu_c[3]
WARNING: [Synth 8-3331] design LOAD has unconnected port alu_c[2]
WARNING: [Synth 8-3331] design MEM_WB has unconnected port clk
WARNING: [Synth 8-3331] design MEM_WB has unconnected port inst_mem[31]
INFO: [Common 17-14] Message 'Synth 8-3331' appears 100 times and further instances of the messages will be disabled. Use the Tcl command set_msg_config to change the current settings.
---------------------------------------------------------------------------------
Finished Cross Boundary and Area Optimization : Time (s): cpu = 00:00:22 ; elapsed = 00:00:23 . Memory (MB): peak = 811.941 ; gain = 521.652
---------------------------------------------------------------------------------
---------------------------------------------------------------------------------
Start ROM, RAM, DSP and Shift Register Reporting
---------------------------------------------------------------------------------

Distributed RAM: Preliminary Mapping  Report (see note below)
+------------+--------------------------+-----------+----------------------+---------------+
|Module Name | RTL Object               | Inference | Size (Depth x Width) | Primitives    | 
+------------+--------------------------+-----------+----------------------+---------------+
|top         | u_cpu_top/u_RF/regts_reg | Implied   | 32 x 32              | RAM32M x 12   | 
+------------+--------------------------+-----------+----------------------+---------------+

Note: The table above is a preliminary report that shows the Distributed RAMs at the current stage of the synthesis flow. Some Distributed RAMs may be reimplemented as non Distributed RAM primitives later in the synthesis flow. Multiple instantiated RAMs are reported only once.
---------------------------------------------------------------------------------
Finished ROM, RAM, DSP and Shift Register Reporting
---------------------------------------------------------------------------------

Report RTL Partitions: 
+-+--------------+------------+----------+
| |RTL Partition |Replication |Instances |
+-+--------------+------------+----------+
+-+--------------+------------+----------+
---------------------------------------------------------------------------------
Start Applying XDC Timing Constraints
---------------------------------------------------------------------------------
INFO: [Synth 8-5578] Moved timing constraint from pin 'u_cpuclk/clk_out1' to pin 'u_cpuclk/bbstub_clk_out1/O'
INFO: [Synth 8-5819] Moved 1 constraints on hierarchical pins to their respective driving/loading pins
---------------------------------------------------------------------------------
Finished Applying XDC Timing Constraints : Time (s): cpu = 00:00:28 ; elapsed = 00:00:30 . Memory (MB): peak = 811.941 ; gain = 521.652
---------------------------------------------------------------------------------
---------------------------------------------------------------------------------
Start Timing Optimization
---------------------------------------------------------------------------------
---------------------------------------------------------------------------------
Finished Timing Optimization : Time (s): cpu = 00:00:33 ; elapsed = 00:00:35 . Memory (MB): peak = 954.508 ; gain = 664.219
---------------------------------------------------------------------------------
---------------------------------------------------------------------------------
Start ROM, RAM, DSP and Shift Register Reporting
---------------------------------------------------------------------------------

Distributed RAM: Final Mapping  Report
+------------+--------------------------+-----------+----------------------+---------------+
|Module Name | RTL Object               | Inference | Size (Depth x Width) | Primitives    | 
+------------+--------------------------+-----------+----------------------+---------------+
|top         | u_cpu_top/u_RF/regts_reg | Implied   | 32 x 32              | RAM32M x 12   | 
+------------+--------------------------+-----------+----------------------+---------------+

---------------------------------------------------------------------------------
Finished ROM, RAM, DSP and Shift Register Reporting
---------------------------------------------------------------------------------

Report RTL Partitions: 
+-+--------------+------------+----------+
| |RTL Partition |Replication |Instances |
+-+--------------+------------+----------+
+-+--------------+------------+----------+
---------------------------------------------------------------------------------
Start Technology Mapping
---------------------------------------------------------------------------------
---------------------------------------------------------------------------------
Finished Technology Mapping : Time (s): cpu = 00:00:34 ; elapsed = 00:00:36 . Memory (MB): peak = 955.547 ; gain = 665.258
---------------------------------------------------------------------------------

Report RTL Partitions: 
+-+--------------+------------+----------+
| |RTL Partition |Replication |Instances |
+-+--------------+------------+----------+
+-+--------------+------------+----------+
---------------------------------------------------------------------------------
Start IO Insertion
---------------------------------------------------------------------------------
---------------------------------------------------------------------------------
Start Flattening Before IO Insertion
---------------------------------------------------------------------------------
---------------------------------------------------------------------------------
Finished Flattening Before IO Insertion
---------------------------------------------------------------------------------
---------------------------------------------------------------------------------
Start Final Netlist Cleanup
---------------------------------------------------------------------------------
---------------------------------------------------------------------------------
Finished Final Netlist Cleanup
---------------------------------------------------------------------------------
---------------------------------------------------------------------------------
Finished IO Insertion : Time (s): cpu = 00:00:35 ; elapsed = 00:00:36 . Memory (MB): peak = 955.547 ; gain = 665.258
---------------------------------------------------------------------------------

Report Check Netlist: 
+------+------------------+-------+---------+-------+------------------+
|      |Item              |Errors |Warnings |Status |Description       |
+------+------------------+-------+---------+-------+------------------+
|1     |multi_driven_nets |      0|        0|Passed |Multi driven nets |
+------+------------------+-------+---------+-------+------------------+
---------------------------------------------------------------------------------
Start Renaming Generated Instances
---------------------------------------------------------------------------------
---------------------------------------------------------------------------------
Finished Renaming Generated Instances : Time (s): cpu = 00:00:35 ; elapsed = 00:00:37 . Memory (MB): peak = 955.547 ; gain = 665.258
---------------------------------------------------------------------------------

Report RTL Partitions: 
+-+--------------+------------+----------+
| |RTL Partition |Replication |Instances |
+-+--------------+------------+----------+
+-+--------------+------------+----------+
---------------------------------------------------------------------------------
Start Rebuilding User Hierarchy
---------------------------------------------------------------------------------
---------------------------------------------------------------------------------
Finished Rebuilding User Hierarchy : Time (s): cpu = 00:00:35 ; elapsed = 00:00:37 . Memory (MB): peak = 955.547 ; gain = 665.258
---------------------------------------------------------------------------------
---------------------------------------------------------------------------------
Start Renaming Generated Ports
---------------------------------------------------------------------------------
---------------------------------------------------------------------------------
Finished Renaming Generated Ports : Time (s): cpu = 00:00:35 ; elapsed = 00:00:37 . Memory (MB): peak = 955.547 ; gain = 665.258
---------------------------------------------------------------------------------
---------------------------------------------------------------------------------
Start Handling Custom Attributes
---------------------------------------------------------------------------------
---------------------------------------------------------------------------------
Finished Handling Custom Attributes : Time (s): cpu = 00:00:35 ; elapsed = 00:00:37 . Memory (MB): peak = 955.547 ; gain = 665.258
---------------------------------------------------------------------------------
---------------------------------------------------------------------------------
Start Renaming Generated Nets
---------------------------------------------------------------------------------
---------------------------------------------------------------------------------
Finished Renaming Generated Nets : Time (s): cpu = 00:00:35 ; elapsed = 00:00:37 . Memory (MB): peak = 955.547 ; gain = 665.258
---------------------------------------------------------------------------------
---------------------------------------------------------------------------------
Start Writing Synthesis Report
---------------------------------------------------------------------------------

Report BlackBoxes: 
+------+--------------+----------+
|      |BlackBox name |Instances |
+------+--------------+----------+
|1     |cpuclk        |         1|
|2     |dram          |         1|
|3     |prgrom        |         1|
+------+--------------+----------+

Report Cell Usage: 
+------+-------+------+
|      |Cell   |Count |
+------+-------+------+
|1     |cpuclk |     1|
|2     |dram   |     1|
|3     |prgrom |     1|
|4     |BUFG   |     1|
|5     |CARRY4 |    88|
|6     |LUT1   |    27|
|7     |LUT2   |   291|
|8     |LUT3   |   102|
|9     |LUT4   |   208|
|10    |LUT5   |   210|
|11    |LUT6   |   521|
|12    |MUXF7  |     7|
|13    |MUXF8  |     1|
|14    |RAM32M |    12|
|15    |FDCE   |   406|
|16    |FDPE   |     8|
|17    |FDRE   |    89|
|18    |LD     |    32|
|19    |LDC    |    36|
|20    |IBUF   |    25|
|21    |OBUF   |    40|
+------+-------+------+

Report Instance Areas: 
+------+-----------------+-----------+------+
|      |Instance         |Module     |Cells |
+------+-----------------+-----------+------+
|1     |top              |           |  2170|
|2     |  u_Bus          |Bus        |    90|
|3     |  u_DRAM         |DRAM       |    35|
|4     |  u_Led          |Led        |    24|
|5     |  u_Switch       |Switch     |    24|
|6     |  u_cpu_top      |cpu_top    |  1803|
|7     |    u_PC         |PC         |    77|
|8     |    u_IF_ID      |IF_ID      |   130|
|9     |    u_ALU        |ALU        |    31|
|10    |    u_Control    |Control    |    19|
|11    |    u_EX_MEM     |EX_MEM     |   309|
|12    |    u_Flush_wait |Flush_wait |    84|
|13    |    u_ID_EX      |ID_EX      |  1028|
|14    |    u_LOAD       |LOAD       |    32|
|15    |    u_MEN_WB     |MEM_WB     |    40|
|16    |    u_NPC        |NPC        |     8|
|17    |    u_RF         |RF         |    12|
|18    |  u_led_digit    |led_digit  |   126|
+------+-----------------+-----------+------+
---------------------------------------------------------------------------------
Finished Writing Synthesis Report : Time (s): cpu = 00:00:35 ; elapsed = 00:00:37 . Memory (MB): peak = 955.547 ; gain = 665.258
---------------------------------------------------------------------------------
Synthesis finished with 0 errors, 0 critical warnings and 76 warnings.
Synthesis Optimization Runtime : Time (s): cpu = 00:00:28 ; elapsed = 00:00:31 . Memory (MB): peak = 955.547 ; gain = 301.898
Synthesis Optimization Complete : Time (s): cpu = 00:00:35 ; elapsed = 00:00:37 . Memory (MB): peak = 955.547 ; gain = 665.258
INFO: [Project 1-571] Translating synthesized netlist
INFO: [Netlist 29-17] Analyzing 176 Unisim elements for replacement
INFO: [Netlist 29-28] Unisim Transformation completed in 0 CPU seconds
INFO: [Project 1-570] Preparing netlist for logic optimization
INFO: [Opt 31-138] Pushed 0 inverter(s) to 0 load pin(s).
Netlist sorting complete. Time (s): cpu = 00:00:00 ; elapsed = 00:00:00 . Memory (MB): peak = 955.547 ; gain = 0.000
INFO: [Project 1-111] Unisim Transformation Summary:
  A total of 80 instances were transformed.
  LD => LDCE: 32 instances
  LDC => LDCE: 36 instances
  RAM32M => RAM32M (RAMD32, RAMD32, RAMD32, RAMD32, RAMD32, RAMD32, RAMS32, RAMS32): 12 instances

INFO: [Common 17-83] Releasing license: Synthesis
85 Infos, 206 Warnings, 4 Critical Warnings and 0 Errors encountered.
synth_design completed successfully
synth_design: Time (s): cpu = 00:00:37 ; elapsed = 00:00:39 . Memory (MB): peak = 955.547 ; gain = 676.766
Netlist sorting complete. Time (s): cpu = 00:00:00 ; elapsed = 00:00:00.001 . Memory (MB): peak = 955.547 ; gain = 0.000
WARNING: [Constraints 18-5210] No constraints selected for write.
Resolution: This message can indicate that there are no constraints for the design, or it can indicate that the used_in flags are set such that the constraints are ignored. This later case is used when running synth_design to not write synthesis constraints to the resulting checkpoint. Instead, project constraints are read when the synthesized design is opened.
INFO: [Common 17-1381] The checkpoint 'C:/CPU/CPU_final/pipe/cpu_design/cpu_design.runs/synth_1/top.dcp' has been generated.
INFO: [runtcl-4] Executing : report_utilization -file top_utilization_synth.rpt -pb top_utilization_synth.pb
INFO: [Common 17-206] Exiting Vivado at Wed Jul 20 16:46:33 2022...
