Vivado Simulator 2018.3
Time resolution is 1 ps
WARNING: This core is supplied with a behavioral model. To model cycle-accurate behavior you must run timing simulation.
WARNING: This core is supplied with a behavioral model. To model cycle-accurate behavior you must run timing simulation.
WARNING in test_for_board.U_top.u_DRAM.u_dram.inst at time               645000 ns: 
Reading from out-of-range address. Max address in test_for_board.U_top.u_DRAM.u_dram.inst is       16383
WARNING in test_for_board.U_top.u_DRAM.u_dram.inst at time              1245000 ns: 
Reading from out-of-range address. Max address in test_for_board.U_top.u_DRAM.u_dram.inst is       16383
WARNING in test_for_board.U_top.u_DRAM.u_dram.inst at time              1845000 ns: 
Reading from out-of-range address. Max address in test_for_board.U_top.u_DRAM.u_dram.inst is       16383
WARNING in test_for_board.U_top.u_DRAM.u_dram.inst at time              2645000 ns: 
Reading from out-of-range address. Max address in test_for_board.U_top.u_DRAM.u_dram.inst is       16383
WARNING in test_for_board.U_top.u_DRAM.u_dram.inst at time              3445000 ns: 
Reading from out-of-range address. Max address in test_for_board.U_top.u_DRAM.u_dram.inst is       16383
WARNING in test_for_board.U_top.u_DRAM.u_dram.inst at time              4045000 ns: 
Reading from out-of-range address. Max address in test_for_board.U_top.u_DRAM.u_dram.inst is       16383
WARNING in test_for_board.U_top.u_DRAM.u_dram.inst at time              4745000 ns: 
Reading from out-of-range address. Max address in test_for_board.U_top.u_DRAM.u_dram.inst is       16383
WARNING in test_for_board.U_top.u_DRAM.u_dram.inst at time              5045000 ns: 
Reading from out-of-range address. Max address in test_for_board.U_top.u_DRAM.u_dram.inst is       16383
WARNING in test_for_board.U_top.u_DRAM.u_dram.inst at time              5345000 ns: 
Reading from out-of-range address. Max address in test_for_board.U_top.u_DRAM.u_dram.inst is       16383
WARNING in test_for_board.U_top.u_DRAM.u_dram.inst at time              5745000 ns: 
Reading from out-of-range address. Max address in test_for_board.U_top.u_DRAM.u_dram.inst is       16383
WARNING in test_for_board.U_top.u_DRAM.u_dram.inst at time              6445000 ns: 
Reading from out-of-range address. Max address in test_for_board.U_top.u_DRAM.u_dram.inst is       16383
WARNING in test_for_board.U_top.u_DRAM.u_dram.inst at time              7145000 ns: 
Reading from out-of-range address. Max address in test_for_board.U_top.u_DRAM.u_dram.inst is       16383
WARNING in test_for_board.U_top.u_DRAM.u_dram.inst at time              7545000 ns: 
Reading from out-of-range address. Max address in test_for_board.U_top.u_DRAM.u_dram.inst is       16383
WARNING in test_for_board.U_top.u_DRAM.u_dram.inst at time              8145000 ns: 
Reading from out-of-range address. Max address in test_for_board.U_top.u_DRAM.u_dram.inst is       16383
WARNING in test_for_board.U_top.u_DRAM.u_dram.inst at time              9145000 ns: 
Reading from out-of-range address. Max address in test_for_board.U_top.u_DRAM.u_dram.inst is       16383
WARNING in test_for_board.U_top.u_DRAM.u_dram.inst at time              9745000 ns: 
Reading from out-of-range address. Max address in test_for_board.U_top.u_DRAM.u_dram.inst is       16383
WARNING in test_for_board.U_top.u_DRAM.u_dram.inst at time             10545000 ns: 
Reading from out-of-range address. Max address in test_for_board.U_top.u_DRAM.u_dram.inst is       16383
WARNING in test_for_board.U_top.u_DRAM.u_dram.inst at time             10845000 ns: 
Reading from out-of-range address. Max address in test_for_board.U_top.u_DRAM.u_dram.inst is       16383
WARNING in test_for_board.U_top.u_DRAM.u_dram.inst at time             11445000 ns: 
Reading from out-of-range address. Max address in test_for_board.U_top.u_DRAM.u_dram.inst is       16383
WARNING in test_for_board.U_top.u_DRAM.u_dram.inst at time             12645000 ns: 
Reading from out-of-range address. Max address in test_for_board.U_top.u_DRAM.u_dram.inst is       16383
WARNING in test_for_board.U_top.u_DRAM.u_dram.inst at time             13145000 ns: 
Reading from out-of-range address. Max address in test_for_board.U_top.u_DRAM.u_dram.inst is       16383
WARNING in test_for_board.U_top.u_DRAM.u_dram.inst at time             13645000 ns: 
Reading from out-of-range address. Max address in test_for_board.U_top.u_DRAM.u_dram.inst is       16383
WARNING in test_for_board.U_top.u_DRAM.u_dram.inst at time             14245000 ns: 
Reading from out-of-range address. Max address in test_for_board.U_top.u_DRAM.u_dram.inst is       16383
WARNING in test_for_board.U_top.u_DRAM.u_dram.inst at time             14745000 ns: 
Reading from out-of-range address. Max address in test_for_board.U_top.u_DRAM.u_dram.inst is       16383
WARNING in test_for_board.U_top.u_DRAM.u_dram.inst at time             19845000 ns: 
Reading from out-of-range address. Max address in test_for_board.U_top.u_DRAM.u_dram.inst is       16383
WARNING in test_for_board.U_top.u_DRAM.u_dram.inst at time             20545000 ns: 
Reading from out-of-range address. Max address in test_for_board.U_top.u_DRAM.u_dram.inst is       16383
WARNING in test_for_board.U_top.u_DRAM.u_dram.inst at time             21045000 ns: 
Reading from out-of-range address. Max address in test_for_board.U_top.u_DRAM.u_dram.inst is       16383
WARNING in test_for_board.U_top.u_DRAM.u_dram.inst at time             21945000 ns: 
Reading from out-of-range address. Max address in test_for_board.U_top.u_DRAM.u_dram.inst is       16383
WARNING in test_for_board.U_top.u_DRAM.u_dram.inst at time             22345000 ns: 
Reading from out-of-range address. Max address in test_for_board.U_top.u_DRAM.u_dram.inst is       16383
WARNING in test_for_board.U_top.u_DRAM.u_dram.inst at time             22945000 ns: 
Reading from out-of-range address. Max address in test_for_board.U_top.u_DRAM.u_dram.inst is       16383
WARNING in test_for_board.U_top.u_DRAM.u_dram.inst at time             23845000 ns: 
Reading from out-of-range address. Max address in test_for_board.U_top.u_DRAM.u_dram.inst is       16383
WARNING in test_for_board.U_top.u_DRAM.u_dram.inst at time             24645000 ns: 
Reading from out-of-range address. Max address in test_for_board.U_top.u_DRAM.u_dram.inst is       16383
WARNING in test_for_board.U_top.u_DRAM.u_dram.inst at time             25245000 ns: 
Reading from out-of-range address. Max address in test_for_board.U_top.u_DRAM.u_dram.inst is       16383
WARNING in test_for_board.U_top.u_DRAM.u_dram.inst at time             26045000 ns: 
Reading from out-of-range address. Max address in test_for_board.U_top.u_DRAM.u_dram.inst is       16383
WARNING in test_for_board.U_top.u_DRAM.u_dram.inst at time             29045000 ns: 
Reading from out-of-range address. Max address in test_for_board.U_top.u_DRAM.u_dram.inst is       16383
WARNING in test_for_board.U_top.u_DRAM.u_dram.inst at time             29745000 ns: 
Reading from out-of-range address. Max address in test_for_board.U_top.u_DRAM.u_dram.inst is       16383
WARNING in test_for_board.U_top.u_DRAM.u_dram.inst at time             30345000 ns: 
Reading from out-of-range address. Max address in test_for_board.U_top.u_DRAM.u_dram.inst is       16383
WARNING in test_for_board.U_top.u_DRAM.u_dram.inst at time             31745000 ns: 
Reading from out-of-range address. Max address in test_for_board.U_top.u_DRAM.u_dram.inst is       16383
WARNING in test_for_board.U_top.u_DRAM.u_dram.inst at time             32345000 ns: 
Reading from out-of-range address. Max address in test_for_board.U_top.u_DRAM.u_dram.inst is       16383
WARNING in test_for_board.U_top.u_DRAM.u_dram.inst at time             34145000 ns: 
Reading from out-of-range address. Max address in test_for_board.U_top.u_DRAM.u_dram.inst is       16383
WARNING in test_for_board.U_top.u_DRAM.u_dram.inst at time             35845000 ns: 
Reading from out-of-range address. Max address in test_for_board.U_top.u_DRAM.u_dram.inst is       16383
WARNING in test_for_board.U_top.u_DRAM.u_dram.inst at time             36345000 ns: 
Reading from out-of-range address. Max address in test_for_board.U_top.u_DRAM.u_dram.inst is       16383
WARNING in test_for_board.U_top.u_DRAM.u_dram.inst at time             36945000 ns: 
Reading from out-of-range address. Max address in test_for_board.U_top.u_DRAM.u_dram.inst is       16383
WARNING in test_for_board.U_top.u_DRAM.u_dram.inst at time             42545000 ns: 
Reading from out-of-range address. Max address in test_for_board.U_top.u_DRAM.u_dram.inst is       16383
WARNING in test_for_board.U_top.u_DRAM.u_dram.inst at time             43145000 ns: 
Reading from out-of-range address. Max address in test_for_board.U_top.u_DRAM.u_dram.inst is       16383
WARNING in test_for_board.U_top.u_DRAM.u_dram.inst at time             43845000 ns: 
Reading from out-of-range address. Max address in test_for_board.U_top.u_DRAM.u_dram.inst is       16383
WARNING in test_for_board.U_top.u_DRAM.u_dram.inst at time             49445000 ns: 
Reading from out-of-range address. Max address in test_for_board.U_top.u_DRAM.u_dram.inst is       16383
WARNING in test_for_board.U_top.u_DRAM.u_dram.inst at time             55045000 ns: 
Reading from out-of-range address. Max address in test_for_board.U_top.u_DRAM.u_dram.inst is       16383
WARNING in test_for_board.U_top.u_DRAM.u_dram.inst at time             55645000 ns: 
Reading from out-of-range address. Max address in test_for_board.U_top.u_DRAM.u_dram.inst is       16383
WARNING in test_for_board.U_top.u_DRAM.u_dram.inst at time             56345000 ns: 
Reading from out-of-range address. Max address in test_for_board.U_top.u_DRAM.u_dram.inst is       16383
WARNING in test_for_board.U_top.u_DRAM.u_dram.inst at time             61245000 ns: 
Reading from out-of-range address. Max address in test_for_board.U_top.u_DRAM.u_dram.inst is       16383
WARNING in test_for_board.U_top.u_DRAM.u_dram.inst at time             61845000 ns: 
Reading from out-of-range address. Max address in test_for_board.U_top.u_DRAM.u_dram.inst is       16383
WARNING in test_for_board.U_top.u_DRAM.u_dram.inst at time             62545000 ns: 
Reading from out-of-range address. Max address in test_for_board.U_top.u_DRAM.u_dram.inst is       16383
WARNING in test_for_board.U_top.u_DRAM.u_dram.inst at time             62845000 ns: 
Reading from out-of-range address. Max address in test_for_board.U_top.u_DRAM.u_dram.inst is       16383
WARNING in test_for_board.U_top.u_DRAM.u_dram.inst at time             63345000 ns: 
Reading from out-of-range address. Max address in test_for_board.U_top.u_DRAM.u_dram.inst is       16383
WARNING in test_for_board.U_top.u_DRAM.u_dram.inst at time             64445000 ns: 
Reading from out-of-range address. Max address in test_for_board.U_top.u_DRAM.u_dram.inst is       16383
WARNING in test_for_board.U_top.u_DRAM.u_dram.inst at time             65145000 ns: 
Reading from out-of-range address. Max address in test_for_board.U_top.u_DRAM.u_dram.inst is       16383
WARNING in test_for_board.U_top.u_DRAM.u_dram.inst at time             65945000 ns: 
Reading from out-of-range address. Max address in test_for_board.U_top.u_DRAM.u_dram.inst is       16383
WARNING in test_for_board.U_top.u_DRAM.u_dram.inst at time             66645000 ns: 
Reading from out-of-range address. Max address in test_for_board.U_top.u_DRAM.u_dram.inst is       16383
WARNING in test_for_board.U_top.u_DRAM.u_dram.inst at time             69645000 ns: 
Reading from out-of-range address. Max address in test_for_board.U_top.u_DRAM.u_dram.inst is       16383
WARNING in test_for_board.U_top.u_DRAM.u_dram.inst at time             70345000 ns: 
Reading from out-of-range address. Max address in test_for_board.U_top.u_DRAM.u_dram.inst is       16383
WARNING in test_for_board.U_top.u_DRAM.u_dram.inst at time             71145000 ns: 
Reading from out-of-range address. Max address in test_for_board.U_top.u_DRAM.u_dram.inst is       16383
WARNING in test_for_board.U_top.u_DRAM.u_dram.inst at time             71745000 ns: 
Reading from out-of-range address. Max address in test_for_board.U_top.u_DRAM.u_dram.inst is       16383
WARNING in test_for_board.U_top.u_DRAM.u_dram.inst at time             72445000 ns: 
Reading from out-of-range address. Max address in test_for_board.U_top.u_DRAM.u_dram.inst is       16383
WARNING in test_for_board.U_top.u_DRAM.u_dram.inst at time             73145000 ns: 
Reading from out-of-range address. Max address in test_for_board.U_top.u_DRAM.u_dram.inst is       16383
WARNING in test_for_board.U_top.u_DRAM.u_dram.inst at time             73845000 ns: 
Reading from out-of-range address. Max address in test_for_board.U_top.u_DRAM.u_dram.inst is       16383
WARNING in test_for_board.U_top.u_DRAM.u_dram.inst at time             74745000 ns: 
Reading from out-of-range address. Max address in test_for_board.U_top.u_DRAM.u_dram.inst is       16383
WARNING in test_for_board.U_top.u_DRAM.u_dram.inst at time             75645000 ns: 
Reading from out-of-range address. Max address in test_for_board.U_top.u_DRAM.u_dram.inst is       16383
WARNING in test_for_board.U_top.u_DRAM.u_dram.inst at time             76645000 ns: 
Reading from out-of-range address. Max address in test_for_board.U_top.u_DRAM.u_dram.inst is       16383
WARNING in test_for_board.U_top.u_DRAM.u_dram.inst at time             77645000 ns: 
Reading from out-of-range address. Max address in test_for_board.U_top.u_DRAM.u_dram.inst is       16383
WARNING in test_for_board.U_top.u_DRAM.u_dram.inst at time             78845000 ns: 
Reading from out-of-range address. Max address in test_for_board.U_top.u_DRAM.u_dram.inst is       16383
WARNING in test_for_board.U_top.u_DRAM.u_dram.inst at time             79745000 ns: 
Reading from out-of-range address. Max address in test_for_board.U_top.u_DRAM.u_dram.inst is       16383
WARNING in test_for_board.U_top.u_DRAM.u_dram.inst at time             80845000 ns: 
Reading from out-of-range address. Max address in test_for_board.U_top.u_DRAM.u_dram.inst is       16383
