Vivado Simulator 2018.3
Time resolution is 1 ps
WARNING: This core is supplied with a behavioral model. To model cycle-accurate behavior you must run timing simulation.
WARNING: This core is supplied with a behavioral model. To model cycle-accurate behavior you must run timing simulation.
WARNING in test_for_board.U_top.u_DRAM.u_dram.inst at time              1751667 ns: 
Reading from out-of-range address. Max address in test_for_board.U_top.u_DRAM.u_dram.inst is       16383
WARNING in test_for_board.U_top.u_DRAM.u_dram.inst at time              3325000 ns: 
Reading from out-of-range address. Max address in test_for_board.U_top.u_DRAM.u_dram.inst is       16383
WARNING in test_for_board.U_top.u_DRAM.u_dram.inst at time              4605000 ns: 
Reading from out-of-range address. Max address in test_for_board.U_top.u_DRAM.u_dram.inst is       16383
WARNING in test_for_board.U_top.u_DRAM.u_dram.inst at time              4751667 ns: 
Reading from out-of-range address. Max address in test_for_board.U_top.u_DRAM.u_dram.inst is       16383
WARNING in test_for_board.U_top.u_DRAM.u_dram.inst at time              6191667 ns: 
Reading from out-of-range address. Max address in test_for_board.U_top.u_DRAM.u_dram.inst is       16383
WARNING in test_for_board.U_top.u_DRAM.u_dram.inst at time              7231667 ns: 
Reading from out-of-range address. Max address in test_for_board.U_top.u_DRAM.u_dram.inst is       16383
WARNING in test_for_board.U_top.u_DRAM.u_dram.inst at time              8351667 ns: 
Reading from out-of-range address. Max address in test_for_board.U_top.u_DRAM.u_dram.inst is       16383
WARNING in test_for_board.U_top.u_DRAM.u_dram.inst at time              8498334 ns: 
Reading from out-of-range address. Max address in test_for_board.U_top.u_DRAM.u_dram.inst is       16383
WARNING in test_for_board.U_top.u_DRAM.u_dram.inst at time              9485000 ns: 
Reading from out-of-range address. Max address in test_for_board.U_top.u_DRAM.u_dram.inst is       16383
WARNING in test_for_board.U_top.u_DRAM.u_dram.inst at time             10605000 ns: 
Reading from out-of-range address. Max address in test_for_board.U_top.u_DRAM.u_dram.inst is       16383
WARNING in test_for_board.U_top.u_DRAM.u_dram.inst at time             10751667 ns: 
Reading from out-of-range address. Max address in test_for_board.U_top.u_DRAM.u_dram.inst is       16383
WARNING in test_for_board.U_top.u_DRAM.u_dram.inst at time             11725000 ns: 
Reading from out-of-range address. Max address in test_for_board.U_top.u_DRAM.u_dram.inst is       16383
WARNING in test_for_board.U_top.u_DRAM.u_dram.inst at time             11871667 ns: 
Reading from out-of-range address. Max address in test_for_board.U_top.u_DRAM.u_dram.inst is       16383
WARNING in test_for_board.U_top.u_DRAM.u_dram.inst at time             11938334 ns: 
Reading from out-of-range address. Max address in test_for_board.U_top.u_DRAM.u_dram.inst is       16383
WARNING in test_for_board.U_top.u_DRAM.u_dram.inst at time             12031667 ns: 
Reading from out-of-range address. Max address in test_for_board.U_top.u_DRAM.u_dram.inst is       16383
WARNING in test_for_board.U_top.u_DRAM.u_dram.inst at time             12231667 ns: 
Reading from out-of-range address. Max address in test_for_board.U_top.u_DRAM.u_dram.inst is       16383
WARNING in test_for_board.U_top.u_DRAM.u_dram.inst at time             12378334 ns: 
Reading from out-of-range address. Max address in test_for_board.U_top.u_DRAM.u_dram.inst is       16383
WARNING in test_for_board.U_top.u_DRAM.u_dram.inst at time             13191667 ns: 
Reading from out-of-range address. Max address in test_for_board.U_top.u_DRAM.u_dram.inst is       16383
WARNING in test_for_board.U_top.u_DRAM.u_dram.inst at time             13338334 ns: 
Reading from out-of-range address. Max address in test_for_board.U_top.u_DRAM.u_dram.inst is       16383
WARNING in test_for_board.U_top.u_DRAM.u_dram.inst at time             13578334 ns: 
Reading from out-of-range address. Max address in test_for_board.U_top.u_DRAM.u_dram.inst is       16383
WARNING in test_for_board.U_top.u_DRAM.u_dram.inst at time             13725000 ns: 
Reading from out-of-range address. Max address in test_for_board.U_top.u_DRAM.u_dram.inst is       16383
WARNING in test_for_board.U_top.u_DRAM.u_dram.inst at time             15191667 ns: 
Reading from out-of-range address. Max address in test_for_board.U_top.u_DRAM.u_dram.inst is       16383
WARNING in test_for_board.U_top.u_DRAM.u_dram.inst at time             15338334 ns: 
Reading from out-of-range address. Max address in test_for_board.U_top.u_DRAM.u_dram.inst is       16383
WARNING in test_for_board.U_top.u_DRAM.u_dram.inst at time             16791667 ns: 
Reading from out-of-range address. Max address in test_for_board.U_top.u_DRAM.u_dram.inst is       16383
WARNING in test_for_board.U_top.u_DRAM.u_dram.inst at time             17858334 ns: 
Reading from out-of-range address. Max address in test_for_board.U_top.u_DRAM.u_dram.inst is       16383
WARNING in test_for_board.U_top.u_DRAM.u_dram.inst at time             18005000 ns: 
Reading from out-of-range address. Max address in test_for_board.U_top.u_DRAM.u_dram.inst is       16383
WARNING in test_for_board.U_top.u_DRAM.u_dram.inst at time             19498334 ns: 
Reading from out-of-range address. Max address in test_for_board.U_top.u_DRAM.u_dram.inst is       16383
WARNING in test_for_board.U_top.u_DRAM.u_dram.inst at time             19645000 ns: 
Reading from out-of-range address. Max address in test_for_board.U_top.u_DRAM.u_dram.inst is       16383
WARNING in test_for_board.U_top.u_DRAM.u_dram.inst at time             20645000 ns: 
Reading from out-of-range address. Max address in test_for_board.U_top.u_DRAM.u_dram.inst is       16383
WARNING in test_for_board.U_top.u_DRAM.u_dram.inst at time             20791667 ns: 
Reading from out-of-range address. Max address in test_for_board.U_top.u_DRAM.u_dram.inst is       16383
WARNING in test_for_board.U_top.u_DRAM.u_dram.inst at time             22311667 ns: 
Reading from out-of-range address. Max address in test_for_board.U_top.u_DRAM.u_dram.inst is       16383
WARNING in test_for_board.U_top.u_DRAM.u_dram.inst at time             22458334 ns: 
Reading from out-of-range address. Max address in test_for_board.U_top.u_DRAM.u_dram.inst is       16383
WARNING in test_for_board.U_top.u_DRAM.u_dram.inst at time             23485000 ns: 
Reading from out-of-range address. Max address in test_for_board.U_top.u_DRAM.u_dram.inst is       16383
WARNING in test_for_board.U_top.u_DRAM.u_dram.inst at time             23631667 ns: 
Reading from out-of-range address. Max address in test_for_board.U_top.u_DRAM.u_dram.inst is       16383
WARNING in test_for_board.U_top.u_DRAM.u_dram.inst at time             25338334 ns: 
Reading from out-of-range address. Max address in test_for_board.U_top.u_DRAM.u_dram.inst is       16383
WARNING in test_for_board.U_top.u_DRAM.u_dram.inst at time             25485000 ns: 
Reading from out-of-range address. Max address in test_for_board.U_top.u_DRAM.u_dram.inst is       16383
WARNING in test_for_board.U_top.u_DRAM.u_dram.inst at time             26778334 ns: 
Reading from out-of-range address. Max address in test_for_board.U_top.u_DRAM.u_dram.inst is       16383
WARNING in test_for_board.U_top.u_DRAM.u_dram.inst at time             26925000 ns: 
Reading from out-of-range address. Max address in test_for_board.U_top.u_DRAM.u_dram.inst is       16383
WARNING in test_for_board.U_top.u_DRAM.u_dram.inst at time             28805000 ns: 
Reading from out-of-range address. Max address in test_for_board.U_top.u_DRAM.u_dram.inst is       16383
WARNING in test_for_board.U_top.u_DRAM.u_dram.inst at time             28951667 ns: 
Reading from out-of-range address. Max address in test_for_board.U_top.u_DRAM.u_dram.inst is       16383
WARNING in test_for_board.U_top.u_DRAM.u_dram.inst at time             30711667 ns: 
Reading from out-of-range address. Max address in test_for_board.U_top.u_DRAM.u_dram.inst is       16383
WARNING in test_for_board.U_top.u_DRAM.u_dram.inst at time             32511667 ns: 
Reading from out-of-range address. Max address in test_for_board.U_top.u_DRAM.u_dram.inst is       16383
WARNING in test_for_board.U_top.u_DRAM.u_dram.inst at time             32658334 ns: 
Reading from out-of-range address. Max address in test_for_board.U_top.u_DRAM.u_dram.inst is       16383
WARNING in test_for_board.U_top.u_DRAM.u_dram.inst at time             33765000 ns: 
Reading from out-of-range address. Max address in test_for_board.U_top.u_DRAM.u_dram.inst is       16383
WARNING in test_for_board.U_top.u_DRAM.u_dram.inst at time             34351667 ns: 
Reading from out-of-range address. Max address in test_for_board.U_top.u_DRAM.u_dram.inst is       16383
WARNING in test_for_board.U_top.u_DRAM.u_dram.inst at time             34498334 ns: 
Reading from out-of-range address. Max address in test_for_board.U_top.u_DRAM.u_dram.inst is       16383
WARNING in test_for_board.U_top.u_DRAM.u_dram.inst at time             35698334 ns: 
Reading from out-of-range address. Max address in test_for_board.U_top.u_DRAM.u_dram.inst is       16383
WARNING in test_for_board.U_top.u_DRAM.u_dram.inst at time             35845000 ns: 
Reading from out-of-range address. Max address in test_for_board.U_top.u_DRAM.u_dram.inst is       16383
WARNING in test_for_board.U_top.u_DRAM.u_dram.inst at time             37045000 ns: 
Reading from out-of-range address. Max address in test_for_board.U_top.u_DRAM.u_dram.inst is       16383
WARNING in test_for_board.U_top.u_DRAM.u_dram.inst at time             37191667 ns: 
Reading from out-of-range address. Max address in test_for_board.U_top.u_DRAM.u_dram.inst is       16383
WARNING in test_for_board.U_top.u_DRAM.u_dram.inst at time             39045000 ns: 
Reading from out-of-range address. Max address in test_for_board.U_top.u_DRAM.u_dram.inst is       16383
WARNING in test_for_board.U_top.u_DRAM.u_dram.inst at time             40591667 ns: 
Reading from out-of-range address. Max address in test_for_board.U_top.u_DRAM.u_dram.inst is       16383
